Drill report for GSM_PCBSMAFRAHT.kicad_pcb
Created on 2025-08-29T11:38:22+0300

Copper Layer Stackup:
    =============================================================
    L1 :  F.Cu                      front
    L1 :  B.Cu                      back
    L1 :  In1.Cu                    in1
    L1 :  In2.Cu                    in2


Drill file 'GSM_PCBSMAFRAHT-PTH.drl' contains
    plated through holes:
    =============================================================
    T1  0.400mm  0.0157"  (129 holes)
    T2  0.800mm  0.0315"  (10 holes)
    T3  1.500mm  0.0591"  (15 holes)

    Total plated holes count 154


Drill file 'GSM_PCBSMAFRAHT-NPTH.drl' contains
    unplated through holes:
    =============================================================
    T1  4.000mm  0.1575"  (2 holes)

    Total unplated holes count 2
